Flutter crash report.
Please report a bug at https://github.com/flutter/flutter/issues.

## command

flutter --no-color pub get

## exception

PathNotFoundException: PathNotFoundException: Cannot open file, path = '/Users/taboosun/fvm/versions/main/version' (OS Error: No such file or directory, errno = 2)

```
#0      _File.throwIfError (dart:io/file_impl.dart:675:7)
#1      _File.openSync (dart:io/file_impl.dart:490:5)
#2      _File.readAsBytesSync (dart:io/file_impl.dart:574:18)
#3      _File.readAsStringSync (dart:io/file_impl.dart:624:18)
#4      ForwardingFile.readAsStringSync (package:file/src/forwarding/forwarding_file.dart:99:16)
#5      ErrorHandlingFile.readAsStringSync.<anonymous closure> (package:flutter_tools/src/base/error_handling_io.dart:218:22)
#6      _runSync (package:flutter_tools/src/base/error_handling_io.dart:590:14)
#7      ErrorHandlingFile.readAsStringSync (package:flutter_tools/src/base/error_handling_io.dart:217:12)
#8      _DefaultPub._updateVersionAndPackageConfig (package:flutter_tools/src/dart/pub.dart:705:50)
#9      _DefaultPub.interactively (package:flutter_tools/src/dart/pub.dart:538:13)
<asynchronous suspension>
#10     PackagesGetCommand.runCommand (package:flutter_tools/src/commands/packages.dart:342:7)
<asynchronous suspension>
#11     FlutterCommand.run.<anonymous closure> (package:flutter_tools/src/runner/flutter_command.dart:1323:27)
<asynchronous suspension>
#12     AppContext.run.<anonymous closure> (package:flutter_tools/src/base/context.dart:150:19)
<asynchronous suspension>
#13     CommandRunner.runCommand (package:args/command_runner.dart:212:13)
<asynchronous suspension>
#14     FlutterCommandRunner.runCommand.<anonymous closure> (package:flutter_tools/src/runner/flutter_command_runner.dart:348:9)
<asynchronous suspension>
#15     AppContext.run.<anonymous closure> (package:flutter_tools/src/base/context.dart:150:19)
<asynchronous suspension>
#16     FlutterCommandRunner.runCommand (package:flutter_tools/src/runner/flutter_command_runner.dart:294:5)
<asynchronous suspension>
#17     run.<anonymous closure>.<anonymous closure> (package:flutter_tools/runner.dart:113:9)
<asynchronous suspension>
#18     AppContext.run.<anonymous closure> (package:flutter_tools/src/base/context.dart:150:19)
<asynchronous suspension>
#19     main (package:flutter_tools/executable.dart:90:3)
<asynchronous suspension>
```

## flutter doctor

```
[!] Flutter (Channel main, 3.14.0-12.0.pre.107, on macOS 13.5.1 22G90 darwin-arm64, locale zh-Hans-MY)
    • Flutter version 3.14.0-12.0.pre.107 on channel main at /Users/taboosun/fvm/versions/main
    ! Warning: `flutter` on your path resolves to /Users/taboosun/Development/flutter/bin/flutter, which is not inside your current Flutter SDK checkout at /Users/taboosun/fvm/versions/main. Consider adding /Users/taboosun/fvm/versions/main/bin to the front of your path.
    ! Warning: `dart` on your path resolves to /Users/taboosun/Development/flutter/bin/dart, which is not inside your current Flutter SDK checkout at /Users/taboosun/fvm/versions/main. Consider adding /Users/taboosun/fvm/versions/main/bin to the front of your path.
    • Upstream repository https://github.com/flutter/flutter.git
    • Framework revision 56ea352cc0 (8 hours ago), 2023-08-29 21:00:10 -0700
    • Engine revision 69f04bdfe9
    • Dart version 3.2.0 (build 3.2.0-122.0.dev)
    • DevTools version 2.26.2
    • If those were intentional, you can disregard the above warnings; however it is recommended to use "git" directly to perform update checks and upgrades.

[✓] Android toolchain - develop for Android devices (Android SDK version 33.0.1)
    • Android SDK at /Users/taboosun/Library/Android/sdk
    • Platform android-33, build-tools 33.0.1
    • ANDROID_HOME = /Users/taboosun/Library/Android/sdk
    • Java binary at: /Users/taboosun/Applications/Android Studio.app/Contents/jbr/Contents/Home/bin/java
    • Java version OpenJDK Runtime Environment (build 17.0.6+0-17.0.6b829.9-10027231)
    • All Android licenses accepted.

[✓] Xcode - develop for iOS and macOS (Xcode 14.3.1)
    • Xcode at /Applications/Xcode.app/Contents/Developer
    • Build 14E300c
    • CocoaPods version 1.12.1

[✓] Chrome - develop for the web
    • Chrome at /Applications/Google Chrome.app/Contents/MacOS/Google Chrome

[✓] Android Studio (version 2022.3)
    • Android Studio at /Users/taboosun/Applications/Android Studio.app/Contents
    • Flutter plugin can be installed from:
      🔨 https://plugins.jetbrains.com/plugin/9212-flutter
    • Dart plugin can be installed from:
      🔨 https://plugins.jetbrains.com/plugin/6351-dart
    • Java version OpenJDK Runtime Environment (build 17.0.6+0-17.0.6b829.9-10027231)

[✓] IntelliJ IDEA Ultimate Edition (version 2023.2.1)
    • IntelliJ at /Users/taboosun/Applications/IntelliJ IDEA Ultimate.app
    • Flutter plugin version 75.1.4
    • Dart plugin version 232.9559.10

[✓] VS Code (version 1.81.1)
    • VS Code at /Applications/Visual Studio Code.app/Contents
    • Flutter extension version 3.70.0

[✓] Connected device (3 available)
    • 神的iPhone 14 Pro Max (mobile) • 00008120-000E69D00E90C01E • ios            • iOS 16.6 20G75
    • macOS (desktop)              • macos                     • darwin-arm64   • macOS 13.5.1 22G90 darwin-arm64
    • Chrome (web)                 • chrome                    • web-javascript • Google Chrome 116.0.5845.110
    ! Error: 神的iPhone 14 Pro Max is busy: Waiting to connect and unlock the device. Xcode will continue when 神的iPhone 14 Pro Max is finished. (code -10)

[✓] Network resources
    • All expected network resources are available.

! Doctor found issues in 1 category.
```
